<?xml version="1.0" encoding="UTF-8" ?>
<testsuite failures="1" time="5.403" errors="0" skipped="0" tests="102" name="TestSuite">
  <properties>
    <property name="java.runtime.name" value="Java(TM) SE Runtime Environment"/>
    <property name="sun.boot.library.path" value="/usr/lib/jvm/jdk1.7.0_25/jre/lib/amd64"/>
    <property name="java.vm.version" value="23.25-b01"/>
    <property name="java.vm.vendor" value="Oracle Corporation"/>
    <property name="java.vendor.url" value="http://java.oracle.com/"/>
    <property name="path.separator" value=":"/>
    <property name="guice.disable.misplaced.annotation.check" value="true"/>
    <property name="java.vm.name" value="Java HotSpot(TM) 64-Bit Server VM"/>
    <property name="file.encoding.pkg" value="sun.io"/>
    <property name="user.country" value="RU"/>
    <property name="sun.java.launcher" value="SUN_STANDARD"/>
    <property name="sun.os.patch.level" value="unknown"/>
    <property name="java.vm.specification.name" value="Java Virtual Machine Specification"/>
    <property name="user.dir" value="/home/vanik/TP/ThirdTerm/Quality/projects/merging/serverFromGitToFix"/>
    <property name="java.runtime.version" value="1.7.0_25-b15"/>
    <property name="java.awt.graphicsenv" value="sun.awt.X11GraphicsEnvironment"/>
    <property name="java.endorsed.dirs" value="/usr/lib/jvm/jdk1.7.0_25/jre/lib/endorsed"/>
    <property name="os.arch" value="amd64"/>
    <property name="java.io.tmpdir" value="/tmp"/>
    <property name="line.separator" value="
"/>
    <property name="java.vm.specification.vendor" value="Oracle Corporation"/>
    <property name="os.name" value="Linux"/>
    <property name="net.sourceforge.cobertura.datafile" value="/home/vanik/TP/ThirdTerm/Quality/projects/merging/serverFromGitToFix/target/cobertura/cobertura.ser"/>
    <property name="classworlds.conf" value="/usr/share/maven/bin/m2.conf"/>
    <property name="sun.jnu.encoding" value="UTF-8"/>
    <property name="java.library.path" value="/usr/java/packages/lib/amd64:/usr/lib64:/lib64:/lib:/usr/lib"/>
    <property name="java.specification.name" value="Java Platform API Specification"/>
    <property name="java.class.version" value="51.0"/>
    <property name="sun.management.compiler" value="HotSpot 64-Bit Tiered Compilers"/>
    <property name="os.version" value="3.11.0-19-generic"/>
    <property name="user.home" value="/home/vanik"/>
    <property name="user.timezone" value="Europe/Moscow"/>
    <property name="java.awt.printerjob" value="sun.print.PSPrinterJob"/>
    <property name="file.encoding" value="UTF-8"/>
    <property name="java.specification.version" value="1.7"/>
    <property name="user.name" value="vanik"/>
    <property name="java.class.path" value="/usr/share/maven/boot/plexus-classworlds-2.x.jar"/>
    <property name="java.vm.specification.version" value="1.7"/>
    <property name="sun.arch.data.model" value="64"/>
    <property name="java.home" value="/usr/lib/jvm/jdk1.7.0_25/jre"/>
    <property name="sun.java.command" value="org.codehaus.plexus.classworlds.launcher.Launcher cobertura:cobertura"/>
    <property name="java.specification.vendor" value="Oracle Corporation"/>
    <property name="user.language" value="ru"/>
    <property name="awt.toolkit" value="sun.awt.X11.XToolkit"/>
    <property name="java.vm.info" value="mixed mode"/>
    <property name="java.version" value="1.7.0_25"/>
    <property name="java.ext.dirs" value="/usr/lib/jvm/jdk1.7.0_25/jre/lib/ext:/usr/java/packages/lib/ext"/>
    <property name="securerandom.source" value="file:/dev/./urandom"/>
    <property name="sun.boot.class.path" value="/usr/lib/jvm/jdk1.7.0_25/jre/lib/resources.jar:/usr/lib/jvm/jdk1.7.0_25/jre/lib/rt.jar:/usr/lib/jvm/jdk1.7.0_25/jre/lib/sunrsasign.jar:/usr/lib/jvm/jdk1.7.0_25/jre/lib/jsse.jar:/usr/lib/jvm/jdk1.7.0_25/jre/lib/jce.jar:/usr/lib/jvm/jdk1.7.0_25/jre/lib/charsets.jar:/usr/lib/jvm/jdk1.7.0_25/jre/lib/jfr.jar:/usr/lib/jvm/jdk1.7.0_25/jre/classes"/>
    <property name="java.vendor" value="Oracle Corporation"/>
    <property name="maven.home" value="/usr/share/maven"/>
    <property name="file.separator" value="/"/>
    <property name="java.vendor.url.bug" value="http://bugreport.sun.com/bugreport/"/>
    <property name="sun.cpu.endian" value="little"/>
    <property name="sun.io.unicode.encoding" value="UnicodeLittle"/>
    <property name="project.build.outputDirectory" value="/home/vanik/TP/ThirdTerm/Quality/projects/merging/serverFromGitToFix/target/generated-classes/cobertura"/>
    <property name="sun.desktop" value="gnome"/>
    <property name="sun.cpu.isalist" value=""/>
  </properties>
  <testcase time="0.004" classname="messageSystem.AddressServiceImplTest" name="testGetAddressByName"/>
  <testcase time="0" classname="gameClasses.FieldTest" name="testField"/>
  <testcase time="0.011" classname="gameMechanic.GameMechanicImplTest" name="testCheckStroke"/>
  <testcase time="0.007" classname="gameMechanic.GameMechanicImplTest" name="testCheckStrokeLose"/>
  <testcase time="0.003" classname="gameMechanic.GameMechanicImplTest" name="testCreateGames"/>
  <testcase time="0.021" classname="gameMechanic.GameSessionTest" name="testCheckStroke"/>
  <testcase time="0.004" classname="gameMechanic.GameSessionTest" name="testGetFields"/>
  <testcase time="0.001" classname="gameMechanic.GameSessionTest" name="testGetNext"/>
  <testcase time="0.001" classname="gameMechanic.GameSessionTest" name="testGetSnapshot"/>
  <testcase time="0.001" classname="gameMechanic.GameSessionTest" name="testGetWinnerId"/>
  <testcase time="0.058" classname="frontend.newOrLoginUser.MsgAddUserTest" name="testExec"/>
  <testcase time="0" classname="messageSystem.MsgToGameChatTest" name="testExec"/>
  <testcase time="0" classname="messageSystem.MsgToGameMechanicTest" name="testExec"/>
  <testcase time="0.071" classname="messageSystem.MsgToUserDataTest" name="testExec"/>
  <testcase time="0.019" classname="utils.ReflectionHelperTest" name="testCreateInstance"/>
  <testcase time="0" classname="utils.ReflectionHelperTest" name="testSetFieldValue"/>
  <testcase time="0.002" classname="resource.ResourceFactoryTest" name="testGetResource"/>
  <testcase time="0" classname="gameClasses.SnapshotTest" name="testToString"/>
  <testcase time="0" classname="gameClasses.SnapshotTest" name="testToStringTest"/>
  <testcase time="0" classname="gameClasses.StrokeTest" name="testInstance"/>
  <testcase time="0" classname="dbService.TestDBServiceImpl" name="testAddExistsUDS"/>
  <testcase time="0" classname="dbService.TestDBServiceImpl" name="testAddUDS"/>
  <testcase time="0" classname="dbService.TestDBServiceImpl" name="testDeleteNoneExistsUDS"/>
  <testcase time="0.001" classname="dbService.TestDBServiceImpl" name="testGetNoneExistUDS"/>
  <testcase time="0.501" classname="dbService.TestDBServiceImpl" name="testRun"/>
  <testcase time="0.001" classname="dbService.TestDBServiceImpl" name="testUpdateUDS"/>
  <testcase time="0.008" classname="messageSystem.vanikMessageSystem.TestMsgAddUser" name="testAddUser"/>
  <testcase time="0.139" classname="frontend.handler.TestRegUserTargetRegPost" name="testNUTarget404"/>
  <testcase time="0.005" classname="frontend.handler.TestRegUserTargetRegPost" name="testNUTargetGame"/>
  <testcase time="0.007" classname="frontend.handler.TestRegUserTargetRegPost" name="testNUTargetMainPage"/>
  <testcase time="0.006" classname="frontend.handler.TestRegUserTargetRegPost" name="testNickAndPasswordAreNotNull"/>
  <testcase time="0.211" classname="frontend.handler.TestRegUserTargetRegPost" name="testRegNickAndPasswdAreNull"/>
  <testcase time="0.006" classname="frontend.handler.TestRegUserTargetRegPost" name="testRegNickAndPasswordAreNotNull"/>
  <testcase time="0.207" classname="frontend.handler.TestRegUserTargetRegPost" name="testRegNickAndPasswordAreNull"/>
  <testcase time="0.003" classname="frontend.handler.TestRegUserTargetRegPost" name="testRegUserTarget404"/>
  <testcase time="0.002" classname="frontend.handler.TestRegUserTargetRegPost" name="testRegUserTargetGame"/>
  <testcase time="0.002" classname="frontend.handler.TestRegUserTargetRegPost" name="testRegUserTargetMainPage"/>
  <testcase time="0.005" classname="frontend.handler.TestRegUserTargetRegPost" name="testStatusReadyTargetGame"/>
  <testcase time="0.003" classname="frontend.handler.TestRegUserTargetRegPost" name="testStatusReadyTargetLogout"/>
  <testcase time="0.204" classname="frontend.handler.TestRegUserTargetRegPost" name="testStatusReadyTargetMainPage"/>
  <testcase time="0.004" classname="frontend.handler.TestRegUserTargetRegPost" name="testStatusReadyTargetProfile"/>
  <testcase time="0.002" classname="frontend.handler.TestRegUserTargetRegPost" name="testStatusReadyTargetReg"/>
  <testcase time="0.216" classname="frontend.handler.TestRegUserTargetRegPost" name="testTargetWait"/>
  <testcase time="0.003" classname="frontend.handler.TestRegUserTargetRegPost" name="testTargetWaitAndPostStatusZero"/>
  <testcase time="0.002" classname="dbService.TestTExecutor" name="testFindUser"/>
  <testcase time="0" classname="userDataImpl.TestUserDataImpl" name="test"/>
  <testcase time="0" classname="userDataImpl.TestUserDataImpl" name="testCheckServerTime"/>
  <testcase time="0.001" classname="userDataImpl.TestUserDataImpl" name="testCheckUsers"/>
  <testcase time="0.01" classname="userDataImpl.TestUserDataImpl" name="testCheckUsersKeepAliveEqualsOne"/>
  <testcase time="0.502" classname="userDataImpl.TestUserDataImpl" name="testCreateGames"/>
  <testcase time="0.502" classname="userDataImpl.TestUserDataImpl" name="testCreateGamesNoUsersWantToPlay"/>
  <testcase time="0.001" classname="userDataImpl.TestUserDataImpl" name="testGetChatWSBySessionId"/>
  <testcase time="0" classname="userDataImpl.TestUserDataImpl" name="testGetLogInUserBySessionId"/>
  <testcase time="0" classname="userDataImpl.TestUserDataImpl" name="testGetSessionIdByUserId"/>
  <testcase time="0.001" classname="userDataImpl.TestUserDataImpl" name="testGetWSBySessionId"/>
  <testcase time="0" classname="userDataImpl.TestUserDataImpl" name="testKeepAliveWSIsNull"/>
  <testcase time="0.002" classname="userDataImpl.TestUserDataImpl" name="testPartyEnd"/>
  <testcase time="0.001" classname="userDataImpl.TestUserDataImpl" name="testPartyEndAllIsNull"/>
  <testcase time="0.001" classname="userDataImpl.TestUserDataImpl" name="testPartyEndFirstIsNull"/>
  <testcase time="0.001" classname="userDataImpl.TestUserDataImpl" name="testPartyEndSecondIsNull"/>
  <testcase time="0.001" classname="userDataImpl.TestUserDataImpl" name="testPutSessionIdAndChatWS"/>
  <testcase time="0" classname="userDataImpl.TestUserDataImpl" name="testUpUpdateUserIdNewUserIsNull"/>
  <testcase time="0.001" classname="userDataImpl.TestUserDataImpl" name="testUpdateUserId"/>
  <testcase time="0.001" classname="userDataImpl.TestUserDataImpl" name="testUpdateUserIdOldUserIsNull"/>
  <testcase time="0" classname="frontend.handler.TestWebSocketImpl" name="test"/>
  <testcase time="0.006" classname="frontend.handler.TestWebSocketImpl" name="testOnWebSocketText"/>
  <testcase time="0.003" classname="frontend.handler.TestWebSocketImpl" name="testOnWebSocketTextAddNewWebSocket"/>
  <testcase time="0" classname="frontend.handler.TestWebSocketImpl" name="testOnWebSocketTextCoordinatesAreIncorrect1"/>
  <testcase time="0" classname="frontend.handler.TestWebSocketImpl" name="testOnWebSocketTextCoordinatesAreIncorrect2"/>
  <testcase time="0.001" classname="frontend.handler.TestWebSocketImpl" name="testOnWebSocketTextCoordinatesAreIncorrect3"/>
  <testcase time="0.001" classname="frontend.handler.TestWebSocketImpl" name="testOnWebSocketTextCoordinatesAreIncorrect4"/>
  <testcase time="0" classname="frontend.handler.TestWebSocketImpl" name="testOnWebSocketTextCoordinatesAreIncorrectAndSessionIdIsNull"/>
  <testcase time="0.001" classname="frontend.handler.TestWebSocketImpl" name="testOnWebSocketTextCoordinatesAreIncorrectButServerTimeIsOk"/>
  <testcase time="0.002" classname="frontend.handler.TestWebSocketImpl" name="testOnWebSocketTextCoordinatesAreOk"/>
  <testcase time="0.001" classname="frontend.handler.TestWebSocketImpl" name="testOnWebSocketTextCoordinatesAreOkSessionIdIsNull"/>
  <testcase time="0" classname="frontend.handler.TestWebSocketImpl" name="testOnWebSocketTextThereAreNoConnection"/>
  <testcase time="0.003" classname="frontend.handler.TestWebSocketImpl" name="testUpdateUsersColor"/>
  <testcase time="0.001" classname="frontend.handler.TestWebSocketImpl" name="testWebSocketImpl"/>
  <testcase time="0.003" classname="messageSystem.MsgToWebSocketTest" name="testExec">
    <failure type="java.lang.NullPointerException">java.lang.NullPointerException
	at gameClasses.Snapshot.&lt;init&gt;(Snapshot.java:16)
	at messageSystem.MsgToWebSocketTest.testExec(MsgToWebSocketTest.java:35)
</failure>
  </testcase>
  <testcase time="0" classname="utils.VFSTest" name="testGetAbsolutePath"/>
  <testcase time="0.001" classname="utils.VFSTest" name="testWriteToEndOfFile"/>
  <testcase time="0" classname="utils.VFSTest" name="testIsFile"/>
  <testcase time="0.011" classname="utils.VFSTest" name="testReadFile"/>
  <testcase time="0" classname="utils.VFSTest" name="testBfs"/>
  <testcase time="0" classname="utils.VFSTest" name="testGetRelativePath"/>
  <testcase time="0" classname="utils.VFSTest" name="testIsExist"/>
  <testcase time="0" classname="utils.VFSTest" name="testWriteToFile"/>
  <testcase time="0" classname="utils.SysInfoTest" name="testRun"/>
  <testcase time="0" classname="utils.SysInfoTest" name="testGetStat"/>
  <testcase time="0" classname="chat.TestNewChatWSImpl" name="testOnWebSocketTextThereAreNoConnect"/>
  <testcase time="0.003" classname="chat.TestNewChatWSImpl" name="testOnWebSocketTextConnectIsTrue"/>
  <testcase time="0.018" classname="chat.TestNewChatWSImpl" name="testOnWebSocketTextStartServerTimeIsIncorrectAndTextIsNull"/>
  <testcase time="0.002" classname="chat.TestNewChatWSImpl" name="testOnWebSocketTextThereAreNoChatForThisSessionId"/>
  <testcase time="0.005" classname="chat.TestNewChatWSImpl" name="testOnWebSocketTextTextIsNull"/>
  <testcase time="0" classname="chat.TestNewChatWSImpl" name="test"/>
  <testcase time="0.008" classname="chat.TestNewChatWSImpl" name="testOnWebSocketTextSessionIdIsNull"/>
  <testcase time="0.001" classname="chat.TestNewChatWSImpl" name="testOnWebSocketTextTextIsEmpty"/>
  <testcase time="0.019" classname="chat.TestNewChatWSImpl" name="testOnWebSocketTextStartServerTimeIsNull"/>
  <testcase time="0.001" classname="chat.TestNewChatWSImpl" name="testOnWebSocketTextAddMessageUserIsNull"/>
  <testcase time="0" classname="gameMechanic.GameSessionTest" name="testSaveAILog"/>
  <testcase time="0.002" classname="gameMechanic.GameSessionTest" name="testSaveLog"/>
  <testcase time="0" classname="resource.ResourceFactoryTest" name="testRating"/>
</testsuite>