<?xml version="1.0" encoding="UTF-8"?>
<!-- Generated by org.testng.reporters.JUnitReportReporter -->
<testsuite hostname="vanik" name="frontend.handler.TestWebSocketImpl" tests="14" failures="0" timestamp="14 Apr 2014 14:00:35 GMT" time="0.015" errors="0">
  <testcase name="test" time="0.000" classname="frontend.handler.TestWebSocketImpl"/>
  <testcase name="testOnWebSocketTextCoordinatesAreIncorrect4" time="0.001" classname="frontend.handler.TestWebSocketImpl"/>
  <testcase name="testOnWebSocketTextCoordinatesAreOkSessionIdIsNull" time="0.001" classname="frontend.handler.TestWebSocketImpl"/>
  <testcase name="testOnWebSocketTextThereAreNoConnection" time="0.001" classname="frontend.handler.TestWebSocketImpl"/>
  <testcase name="testWebSocketImpl" time="0.001" classname="frontend.handler.TestWebSocketImpl"/>
  <testcase name="testOnWebSocketTextCoordinatesAreOk" time="0.002" classname="frontend.handler.TestWebSocketImpl"/>
  <testcase name="testOnWebSocketTextCoordinatesAreIncorrect1" time="0.001" classname="frontend.handler.TestWebSocketImpl"/>
  <testcase name="testOnWebSocketTextCoordinatesAreIncorrect3" time="0.001" classname="frontend.handler.TestWebSocketImpl"/>
  <testcase name="testOnWebSocketText" time="0.001" classname="frontend.handler.TestWebSocketImpl"/>
  <testcase name="testUpdateUsersColor" time="0.003" classname="frontend.handler.TestWebSocketImpl"/>
  <testcase name="testOnWebSocketTextCoordinatesAreIncorrect2" time="0.000" classname="frontend.handler.TestWebSocketImpl"/>
  <testcase name="testOnWebSocketTextAddNewWebSocket" time="0.002" classname="frontend.handler.TestWebSocketImpl"/>
  <testcase name="testOnWebSocketTextCoordinatesAreIncorrectAndSessionIdIsNull" time="0.000" classname="frontend.handler.TestWebSocketImpl"/>
  <testcase name="testOnWebSocketTextCoordinatesAreIncorrectButServerTimeIsOk" time="0.001" classname="frontend.handler.TestWebSocketImpl"/>
</testsuite> <!-- frontend.handler.TestWebSocketImpl -->
