<?xml version="1.0" encoding="UTF-8"?>
<!-- Generated by org.testng.reporters.JUnitReportReporter -->
<testsuite hostname="ubuntu" name="gameClasses.StrokeTest" tests="1" failures="0" timestamp="11 Apr 2014 17:37:51 GMT" time="0.001" errors="0">
  <testcase name="testInstance" time="0.001" classname="gameClasses.StrokeTest"/>
</testsuite> <!-- gameClasses.StrokeTest -->
