<?xml version="1.0" encoding="UTF-8"?>
<!-- Generated by org.testng.reporters.JUnitReportReporter -->
<testsuite hostname="Alexandr-PC" name="gameClasses.SnapshotTest" tests="2" failures="0" timestamp="9 Apr 2014 20:27:01 GMT" time="0.000" errors="0">
  <testcase name="testToString" time="0.000" classname="gameClasses.SnapshotTest"/>
  <testcase name="testToStringTest" time="0.000" classname="gameClasses.SnapshotTest"/>
</testsuite> <!-- gameClasses.SnapshotTest -->
