<?xml version="1.0" encoding="UTF-8"?>
<!-- Generated by org.testng.reporters.JUnitReportReporter -->
<testsuite hostname="vanik" name="messageSystem.MsgToGameChatTest" tests="1" failures="0" timestamp="11 Apr 2014 12:56:55 GMT" time="0.001" errors="0">
  <testcase name="testExec" time="0.001" classname="messageSystem.MsgToGameChatTest"/>
</testsuite> <!-- messageSystem.MsgToGameChatTest -->
