<?xml version="1.0" encoding="UTF-8"?>
<!-- Generated by org.testng.reporters.JUnitReportReporter -->
<testsuite hostname="vanik" name="utils.ReflectionHelperTest" tests="2" failures="0" timestamp="11 Apr 2014 12:56:55 GMT" time="0.021" errors="0">
  <testcase name="testSetFieldValue" time="0.000" classname="utils.ReflectionHelperTest"/>
  <testcase name="testCreateInstance" time="0.021" classname="utils.ReflectionHelperTest"/>
</testsuite> <!-- utils.ReflectionHelperTest -->
