<?xml version="1.0" encoding="UTF-8"?>
<!-- Generated by org.testng.reporters.JUnitReportReporter -->
<testsuite hostname="Alexandr-PC" name="gameMechanic.GameMechanicImplTest" tests="3" failures="0" timestamp="9 Apr 2014 20:27:01 GMT" time="0.036" errors="0">
  <testcase name="testCheckStrokeLose" time="0.029" classname="gameMechanic.GameMechanicImplTest"/>
  <testcase name="testCheckStroke" time="0.002" classname="gameMechanic.GameMechanicImplTest"/>
  <testcase name="testCreateGames" time="0.005" classname="gameMechanic.GameMechanicImplTest"/>
</testsuite> <!-- gameMechanic.GameMechanicImplTest -->
