<?xml version="1.0" encoding="UTF-8"?>
<!-- Generated by org.testng.reporters.JUnitReportReporter -->
<testsuite hostname="ubuntu" name="utils.ReflectionHelperTest" tests="2" failures="0" timestamp="11 Apr 2014 17:37:51 GMT" time="0.009" errors="0">
  <testcase name="testSetFieldValue" time="0.001" classname="utils.ReflectionHelperTest"/>
  <testcase name="testCreateInstance" time="0.008" classname="utils.ReflectionHelperTest"/>
</testsuite> <!-- utils.ReflectionHelperTest -->
