<?xml version="1.0" encoding="UTF-8"?>
<!-- Generated by org.testng.reporters.JUnitReportReporter -->
<testsuite hostname="Alexandr-PC" name="utils.ReflectionHelperTest" tests="2" failures="0" timestamp="9 Apr 2014 20:27:01 GMT" time="0.008" errors="0">
  <testcase name="testCreateInstance" time="0.007" classname="utils.ReflectionHelperTest"/>
  <testcase name="testSetFieldValue" time="0.001" classname="utils.ReflectionHelperTest"/>
</testsuite> <!-- utils.ReflectionHelperTest -->
