<?xml version="1.0" encoding="UTF-8"?>
<!-- Generated by org.testng.reporters.JUnitReportReporter -->
<testsuite hostname="ubuntu" name="messageSystem.AddressServiceImplTest" tests="1" failures="0" timestamp="11 Apr 2014 17:37:51 GMT" time="0.006" errors="0">
  <testcase name="testGetAddressByName" time="0.006" classname="messageSystem.AddressServiceImplTest"/>
</testsuite> <!-- messageSystem.AddressServiceImplTest -->
