<?xml version="1.0" encoding="UTF-8"?>
<!-- Generated by org.testng.reporters.JUnitReportReporter -->
<testsuite hostname="vanik" name="utils.SysInfoTest" tests="2" failures="0" timestamp="11 Apr 2014 12:56:55 GMT" time="0.002" errors="0">
  <testcase name="testGetStat" time="0.000" classname="utils.SysInfoTest"/>
  <testcase name="testRun" time="0.002" classname="utils.SysInfoTest"/>
</testsuite> <!-- utils.SysInfoTest -->
