<?xml version="1.0" encoding="UTF-8"?>
<!-- Generated by org.testng.reporters.JUnitReportReporter -->
<testsuite hostname="Alexandr-PC" name="messageSystem.MsgToUserDataTest" tests="1" failures="0" timestamp="9 Apr 2014 20:27:01 GMT" time="0.001" errors="0">
  <testcase name="testExec" time="0.001" classname="messageSystem.MsgToUserDataTest"/>
</testsuite> <!-- messageSystem.MsgToUserDataTest -->
