<?xml version="1.0" encoding="UTF-8"?>
<!-- Generated by org.testng.reporters.JUnitReportReporter -->
<testsuite hostname="ubuntu" name="utils.SysInfoTest" tests="2" failures="0" timestamp="11 Apr 2014 17:37:51 GMT" time="0.006" errors="0">
  <testcase name="testRun" time="0.005" classname="utils.SysInfoTest"/>
  <testcase name="testGetStat" time="0.001" classname="utils.SysInfoTest"/>
</testsuite> <!-- utils.SysInfoTest -->
