<?xml version="1.0" encoding="UTF-8"?>
<!-- Generated by org.testng.reporters.JUnitReportReporter -->
<testsuite hostname="Alexandr-PC" name="userDataImpl.TestUserDataImpl" tests="19" failures="0" timestamp="9 Apr 2014 20:27:01 GMT" time="1.027" errors="1">
  <testcase name="testKeepAliveWSIsNull" time="0.001" classname="userDataImpl.TestUserDataImpl"/>
  <testcase name="testPartyEndFirstIsNull" time="0.002" classname="userDataImpl.TestUserDataImpl"/>
  <testcase name="testGetLogInUserBySessionId" time="0.001" classname="userDataImpl.TestUserDataImpl"/>
  <testcase name="testPartyEndSecondIsNull" time="0.001" classname="userDataImpl.TestUserDataImpl"/>
  <testcase name="testPartyEndAllIsNull" time="0.001" classname="userDataImpl.TestUserDataImpl"/>
  <testcase name="testUpdateUserIdOldUserIsNull" time="0.001" classname="userDataImpl.TestUserDataImpl"/>
  <testcase name="testGetWSBySessionId" time="0.001" classname="userDataImpl.TestUserDataImpl"/>
  <testcase name="testPartyEnd" time="0.002" classname="userDataImpl.TestUserDataImpl"/>
  <testcase name="testCheckServerTime" time="0.000" classname="userDataImpl.TestUserDataImpl"/>
  <testcase name="testUpUpdateUserIdNewUserIsNull" time="0.000" classname="userDataImpl.TestUserDataImpl"/>
  <testcase name="testPutSessionIdAndChatWS" time="0.007" classname="userDataImpl.TestUserDataImpl">
    <error type="org.mockito.exceptions.verification.NeverWantedButInvoked" message="
userDataSet.visit();
Never wanted here:
-&gt; at userDataImpl.TestUserDataImpl.testPutSessionIdAndChatWS(TestUserDataImpl.java:293)
But invoked here:
-&gt; at frontend.UserDataImpl.putSessionIdAndChatWS(UserDataImpl.java:129)
">
      <![CDATA[org.mockito.exceptions.verification.NeverWantedButInvoked: 
userDataSet.visit();
Never wanted here:
-> at userDataImpl.TestUserDataImpl.testPutSessionIdAndChatWS(TestUserDataImpl.java:293)
But invoked here:
-> at frontend.UserDataImpl.putSessionIdAndChatWS(UserDataImpl.java:129)

	at userDataImpl.TestUserDataImpl.testPutSessionIdAndChatWS(TestUserDataImpl.java:293)
	at sun.reflect.NativeMethodAccessorImpl.invoke0(Native Method)
	at sun.reflect.NativeMethodAccessorImpl.invoke(NativeMethodAccessorImpl.java:57)
	at sun.reflect.DelegatingMethodAccessorImpl.invoke(DelegatingMethodAccessorImpl.java:43)
	at java.lang.reflect.Method.invoke(Method.java:601)
	at org.testng.internal.MethodInvocationHelper.invokeMethod(MethodInvocationHelper.java:84)
	at org.testng.internal.Invoker.invokeMethod(Invoker.java:714)
	at org.testng.internal.Invoker.invokeTestMethod(Invoker.java:901)
	at org.testng.internal.Invoker.invokeTestMethods(Invoker.java:1231)
	at org.testng.internal.TestMethodWorker.invokeTestMethods(TestMethodWorker.java:127)
	at org.testng.internal.TestMethodWorker.run(TestMethodWorker.java:111)
	at org.testng.TestRunner.privateRun(TestRunner.java:767)
	at org.testng.TestRunner.run(TestRunner.java:617)
	at org.testng.SuiteRunner.runTest(SuiteRunner.java:334)
	at org.testng.SuiteRunner.runSequentially(SuiteRunner.java:329)
	at org.testng.SuiteRunner.privateRun(SuiteRunner.java:291)
	at org.testng.SuiteRunner.run(SuiteRunner.java:240)
	at org.testng.SuiteRunnerWorker.runSuite(SuiteRunnerWorker.java:52)
	at org.testng.SuiteRunnerWorker.run(SuiteRunnerWorker.java:86)
	at org.testng.TestNG.runSuitesSequentially(TestNG.java:1224)
	at org.testng.TestNG.runSuitesLocally(TestNG.java:1149)
	at org.testng.TestNG.run(TestNG.java:1057)
	at org.apache.maven.surefire.testng.TestNGExecutor.run(TestNGExecutor.java:77)
	at org.apache.maven.surefire.testng.TestNGDirectoryTestSuite.executeMulti(TestNGDirectoryTestSuite.java:159)
	at org.apache.maven.surefire.testng.TestNGDirectoryTestSuite.execute(TestNGDirectoryTestSuite.java:99)
	at org.apache.maven.surefire.testng.TestNGProvider.invoke(TestNGProvider.java:106)
	at sun.reflect.NativeMethodAccessorImpl.invoke0(Native Method)
	at sun.reflect.NativeMethodAccessorImpl.invoke(NativeMethodAccessorImpl.java:57)
	at sun.reflect.DelegatingMethodAccessorImpl.invoke(DelegatingMethodAccessorImpl.java:43)
	at java.lang.reflect.Method.invoke(Method.java:601)
	at org.apache.maven.surefire.util.ReflectionUtils.invokeMethodWithArray(ReflectionUtils.java:189)
	at org.apache.maven.surefire.booter.ProviderFactory$ProviderProxy.invoke(ProviderFactory.java:165)
	at org.apache.maven.surefire.booter.ProviderFactory.invokeProvider(ProviderFactory.java:85)
	at org.apache.maven.surefire.booter.ForkedBooter.runSuitesInProcess(ForkedBooter.java:115)
	at org.apache.maven.surefire.booter.ForkedBooter.main(ForkedBooter.java:75)
]]>
    </error>
  </testcase> <!-- testPutSessionIdAndChatWS -->
  <testcase name="testCreateGamesNoUsersWantToPlay" time="0.502" classname="userDataImpl.TestUserDataImpl"/>
  <testcase name="testCheckUsersKeepAliveEqualsOne" time="0.001" classname="userDataImpl.TestUserDataImpl"/>
  <testcase name="testCheckUsers" time="0.002" classname="userDataImpl.TestUserDataImpl"/>
  <testcase name="testGetSessionIdByUserId" time="0.000" classname="userDataImpl.TestUserDataImpl"/>
  <testcase name="testGetChatWSBySessionId" time="0.002" classname="userDataImpl.TestUserDataImpl"/>
  <testcase name="test" time="0.000" classname="userDataImpl.TestUserDataImpl"/>
  <testcase name="testCreateGames" time="0.501" classname="userDataImpl.TestUserDataImpl"/>
  <testcase name="testUpdateUserId" time="0.002" classname="userDataImpl.TestUserDataImpl"/>
</testsuite> <!-- userDataImpl.TestUserDataImpl -->
