<?xml version="1.0" encoding="UTF-8"?>
<!-- Generated by org.testng.reporters.JUnitReportReporter -->
<testsuite hostname="vanik" name="messageSystem.MsgToGameMechanicTest" tests="1" failures="0" timestamp="10 Apr 2014 19:32:24 GMT" time="0.001" errors="0">
  <testcase name="testExec" time="0.001" classname="messageSystem.MsgToGameMechanicTest"/>
</testsuite> <!-- messageSystem.MsgToGameMechanicTest -->
