<?xml version="1.0" encoding="UTF-8"?>
<!-- Generated by org.testng.reporters.JUnitReportReporter -->
<testsuite hostname="Alexandr-PC" name="utils.SysInfoTest" tests="2" failures="0" timestamp="10 Apr 2014 14:11:50 GMT" time="0.018" errors="0">
  <testcase name="testRun" time="0.015" classname="utils.SysInfoTest"/>
  <testcase name="testGetStat" time="0.003" classname="utils.SysInfoTest"/>
</testsuite> <!-- utils.SysInfoTest -->
