<?xml version="1.0" encoding="UTF-8"?>
<!-- Generated by org.testng.reporters.JUnitReportReporter -->
<testsuite hostname="ubuntu" name="gameMechanic.GameMechanicImplTest" tests="3" failures="0" timestamp="11 Apr 2014 17:37:51 GMT" time="0.074" errors="0">
  <testcase name="testCreateGames" time="0.044" classname="gameMechanic.GameMechanicImplTest"/>
  <testcase name="testCheckStrokeLose" time="0.015" classname="gameMechanic.GameMechanicImplTest"/>
  <testcase name="testCheckStroke" time="0.015" classname="gameMechanic.GameMechanicImplTest"/>
</testsuite> <!-- gameMechanic.GameMechanicImplTest -->
