<?xml version="1.0" encoding="UTF-8"?>
<!-- Generated by org.testng.reporters.JUnitReportReporter -->
<testsuite hostname="vanik" name="gameMechanic.GameMechanicImplTest" tests="3" failures="0" timestamp="10 Apr 2014 19:32:24 GMT" time="0.007" errors="0">
  <testcase name="testCheckStrokeLose" time="0.003" classname="gameMechanic.GameMechanicImplTest"/>
  <testcase name="testCheckStroke" time="0.002" classname="gameMechanic.GameMechanicImplTest"/>
  <testcase name="testCreateGames" time="0.002" classname="gameMechanic.GameMechanicImplTest"/>
</testsuite> <!-- gameMechanic.GameMechanicImplTest -->
