<?xml version="1.0" encoding="UTF-8"?>
<!-- Generated by org.testng.reporters.JUnitReportReporter -->
<testsuite hostname="vanik" name="messageSystem.AddressServiceImplTest" tests="1" failures="0" timestamp="11 Apr 2014 12:56:55 GMT" time="0.005" errors="0">
  <testcase name="testGetAddressByName" time="0.005" classname="messageSystem.AddressServiceImplTest"/>
</testsuite> <!-- messageSystem.AddressServiceImplTest -->
