<?xml version="1.0" encoding="UTF-8"?>
<!-- Generated by org.testng.reporters.JUnitReportReporter -->
<testsuite hostname="Alexandr-PC" name="chat.TestNewWSImpl" tests="2" failures="0" timestamp="9 Apr 2014 20:27:01 GMT" time="0.000" errors="0">
  <testcase name="test" time="0.000" classname="chat.TestNewWSImpl"/>
  <testcase name="testOnWebSocketTextThereAreNoConnect" time="0.000" classname="chat.TestNewWSImpl"/>
</testsuite> <!-- chat.TestNewWSImpl -->
