<?xml version="1.0" encoding="UTF-8"?>
<!-- Generated by org.testng.reporters.JUnitReportReporter -->
<testsuite hostname="vanik" name="gameMechanic.GameSessionTest" tests="7" failures="0" timestamp="10 Apr 2014 19:32:24 GMT" time="0.089" errors="0">
  <testcase name="testGetNext" time="0.001" classname="gameMechanic.GameSessionTest"/>
  <testcase name="testGetWinnerId" time="0.001" classname="gameMechanic.GameSessionTest"/>
  <testcase name="testSaveLog" time="0.004" classname="gameMechanic.GameSessionTest"/>
  <testcase name="testGetSnapshot" time="0.004" classname="gameMechanic.GameSessionTest"/>
  <testcase name="testSaveAILog" time="0.000" classname="gameMechanic.GameSessionTest"/>
  <testcase name="testCheckStroke" time="0.074" classname="gameMechanic.GameSessionTest"/>
  <testcase name="testGetFields" time="0.005" classname="gameMechanic.GameSessionTest"/>
</testsuite> <!-- gameMechanic.GameSessionTest -->
