<?xml version="1.0" encoding="UTF-8"?>
<!-- Generated by org.testng.reporters.JUnitReportReporter -->
<testsuite hostname="Alexandr-PC" name="frontend.handler.TestRegUserTargetRules" tests="1" failures="0" timestamp="9 Apr 2014 20:27:01 GMT" time="0.013" errors="0">
  <testcase name="testHandleNotNewUserTargetRules" time="0.013" classname="frontend.handler.TestRegUserTargetRules"/>
</testsuite> <!-- frontend.handler.TestRegUserTargetRules -->
