<?xml version="1.0" encoding="UTF-8"?>
<!-- Generated by org.testng.reporters.JUnitReportReporter -->
<testsuite hostname="vanik" name="resource.ResourceFactoryTest" tests="2" failures="0" timestamp="11 Apr 2014 12:56:55 GMT" time="0.003" errors="0">
  <testcase name="testRating" time="0.001" classname="resource.ResourceFactoryTest"/>
  <testcase name="testGetResource" time="0.002" classname="resource.ResourceFactoryTest"/>
</testsuite> <!-- resource.ResourceFactoryTest -->
