<?xml version="1.0" encoding="UTF-8"?>
<!-- Generated by org.testng.reporters.JUnitReportReporter -->
<testsuite hostname="ubuntu" name="resource.ResourceFactoryTest" tests="2" failures="0" timestamp="11 Apr 2014 17:37:51 GMT" time="0.002" errors="0">
  <testcase name="testGetResource" time="0.002" classname="resource.ResourceFactoryTest"/>
  <testcase name="testRating" time="0.000" classname="resource.ResourceFactoryTest"/>
</testsuite> <!-- resource.ResourceFactoryTest -->
