<?xml version="1.0" encoding="UTF-8"?>
<!-- Generated by org.testng.reporters.JUnitReportReporter -->
<testsuite hostname="vanik" name="frontend.handler.TestRegUserTargetRegPost" tests="17" failures="0" timestamp="14 Apr 2014 14:00:35 GMT" time="1.042" errors="0">
  <testcase name="testRegNickAndPasswdAreNull" time="0.209" classname="frontend.handler.TestRegUserTargetRegPost"/>
  <testcase name="testNUTargetMainPage" time="0.012" classname="frontend.handler.TestRegUserTargetRegPost"/>
  <testcase name="testNUTargetGame" time="0.005" classname="frontend.handler.TestRegUserTargetRegPost"/>
  <testcase name="testTargetWaitAndPostStatusZero" time="0.003" classname="frontend.handler.TestRegUserTargetRegPost"/>
  <testcase name="testStatusReadyTargetGame" time="0.007" classname="frontend.handler.TestRegUserTargetRegPost"/>
  <testcase name="testTargetWait" time="0.205" classname="frontend.handler.TestRegUserTargetRegPost"/>
  <testcase name="testRegUserTargetMainPage" time="0.003" classname="frontend.handler.TestRegUserTargetRegPost"/>
  <testcase name="testStatusReadyTargetProfile" time="0.006" classname="frontend.handler.TestRegUserTargetRegPost"/>
  <testcase name="testStatusReadyTargetLogout" time="0.003" classname="frontend.handler.TestRegUserTargetRegPost"/>
  <testcase name="testRegUserTargetGame" time="0.004" classname="frontend.handler.TestRegUserTargetRegPost"/>
  <testcase name="testStatusReadyTargetMainPage" time="0.204" classname="frontend.handler.TestRegUserTargetRegPost"/>
  <testcase name="testNickAndPasswordAreNotNull" time="0.007" classname="frontend.handler.TestRegUserTargetRegPost"/>
  <testcase name="testRegNickAndPasswordAreNull" time="0.205" classname="frontend.handler.TestRegUserTargetRegPost"/>
  <testcase name="testNUTarget404" time="0.160" classname="frontend.handler.TestRegUserTargetRegPost"/>
  <testcase name="testRegNickAndPasswordAreNotNull" time="0.004" classname="frontend.handler.TestRegUserTargetRegPost"/>
  <testcase name="testRegUserTarget404" time="0.003" classname="frontend.handler.TestRegUserTargetRegPost"/>
  <testcase name="testStatusReadyTargetReg" time="0.002" classname="frontend.handler.TestRegUserTargetRegPost"/>
</testsuite> <!-- frontend.handler.TestRegUserTargetRegPost -->
