<?xml version="1.0" encoding="UTF-8"?>
<!-- Generated by org.testng.reporters.JUnitReportReporter -->
<testsuite hostname="vanik" name="gameClasses.SnapshotTest" tests="2" failures="0" timestamp="10 Apr 2014 19:32:24 GMT" time="0.001" errors="0">
  <testcase name="testToString" time="0.001" classname="gameClasses.SnapshotTest"/>
  <testcase name="testToStringTest" time="0.000" classname="gameClasses.SnapshotTest"/>
</testsuite> <!-- gameClasses.SnapshotTest -->
