<?xml version="1.0" encoding="UTF-8"?>
<!-- Generated by org.testng.reporters.JUnitReportReporter -->
<testsuite hostname="Alexandr-PC" name="frontend.handler.TestNUTargetMainPage" tests="1" failures="0" timestamp="9 Apr 2014 20:27:01 GMT" time="0.016" errors="0">
  <testcase name="testHandleNewUserTargetMainPage" time="0.016" classname="frontend.handler.TestNUTargetMainPage"/>
</testsuite> <!-- frontend.handler.TestNUTargetMainPage -->
