<?xml version="1.0" encoding="UTF-8"?>
<!-- Generated by org.testng.reporters.JUnitReportReporter -->
<testsuite hostname="ubuntu" name="messageSystem.MsgToGameMechanicTest" tests="1" failures="0" timestamp="11 Apr 2014 17:37:51 GMT" time="0.002" errors="0">
  <testcase name="testExec" time="0.002" classname="messageSystem.MsgToGameMechanicTest"/>
</testsuite> <!-- messageSystem.MsgToGameMechanicTest -->
