<?xml version="1.0" encoding="UTF-8"?>
<!-- Generated by org.testng.reporters.JUnitReportReporter -->
<testsuite hostname="Alexandr-PC" name="chat.TestChatWSIpml" tests="3" failures="0" timestamp="9 Apr 2014 20:27:01 GMT" time="0.050" errors="0">
  <testcase name="testAddMessageToChat" time="0.012" classname="chat.TestChatWSIpml"/>
  <testcase name="testOnWebSocketText" time="0.012" classname="chat.TestChatWSIpml"/>
  <testcase name="testConstructor" time="0.026" classname="chat.TestChatWSIpml"/>
</testsuite> <!-- chat.TestChatWSIpml -->
