<?xml version="1.0" encoding="UTF-8"?>
<!-- Generated by org.testng.reporters.JUnitReportReporter -->
<testsuite hostname="vanik" name="gameMechanic.GameMechanicImplTest" tests="3" failures="0" timestamp="14 Apr 2014 14:00:35 GMT" time="0.055" errors="0">
  <testcase name="testCheckStrokeLose" time="0.013" classname="gameMechanic.GameMechanicImplTest"/>
  <testcase name="testCreateGames" time="0.009" classname="gameMechanic.GameMechanicImplTest"/>
  <testcase name="testCheckStroke" time="0.033" classname="gameMechanic.GameMechanicImplTest"/>
</testsuite> <!-- gameMechanic.GameMechanicImplTest -->
