<?xml version="1.0" encoding="UTF-8"?>
<!-- Generated by org.testng.reporters.JUnitReportReporter -->
<testsuite hostname="Alexandr-PC" name="resource.ResourceFactoryTest" tests="2" failures="0" timestamp="9 Apr 2014 20:27:01 GMT" time="0.010" errors="0">
  <testcase name="testGetResource" time="0.010" classname="resource.ResourceFactoryTest"/>
  <testcase name="testRating" time="0.000" classname="resource.ResourceFactoryTest"/>
</testsuite> <!-- resource.ResourceFactoryTest -->
