<?xml version="1.0" encoding="UTF-8"?>
<!-- Generated by org.testng.reporters.JUnitReportReporter -->
<testsuite hostname="Alexandr-PC" name="dbService.TestDBServiceImpl" tests="6" failures="0" timestamp="10 Apr 2014 14:11:50 GMT" time="0.549" errors="0">
  <testcase name="testUpdateUDS" time="0.008" classname="dbService.TestDBServiceImpl"/>
  <testcase name="testAddUDS" time="0.008" classname="dbService.TestDBServiceImpl"/>
  <testcase name="testAddExistsUDS" time="0.004" classname="dbService.TestDBServiceImpl"/>
  <testcase name="testRun" time="0.503" classname="dbService.TestDBServiceImpl"/>
  <testcase name="testGetNoneExistUDS" time="0.024" classname="dbService.TestDBServiceImpl"/>
  <testcase name="testDeleteNoneExistsUDS" time="0.002" classname="dbService.TestDBServiceImpl"/>
</testsuite> <!-- dbService.TestDBServiceImpl -->
