<?xml version="1.0" encoding="UTF-8"?>
<!-- Generated by org.testng.reporters.JUnitReportReporter -->
<testsuite hostname="vanik" name="utils.SysInfoTest" tests="2" failures="0" timestamp="10 Apr 2014 19:32:24 GMT" time="0.003" errors="0">
  <testcase name="testRun" time="0.002" classname="utils.SysInfoTest"/>
  <testcase name="testGetStat" time="0.001" classname="utils.SysInfoTest"/>
</testsuite> <!-- utils.SysInfoTest -->
