<?xml version="1.0" encoding="UTF-8"?>
<!-- Generated by org.testng.reporters.JUnitReportReporter -->
<testsuite hostname="vanik" name="utils.ReflectionHelperTest" tests="2" failures="0" timestamp="14 Apr 2014 14:00:35 GMT" time="0.010" errors="0">
  <testcase name="testCreateInstance" time="0.009" classname="utils.ReflectionHelperTest"/>
  <testcase name="testSetFieldValue" time="0.001" classname="utils.ReflectionHelperTest"/>
</testsuite> <!-- utils.ReflectionHelperTest -->
