<?xml version="1.0" encoding="UTF-8"?>
<!-- Generated by org.testng.reporters.JUnitReportReporter -->
<testsuite hostname="Alexandr-PC" name="gameMechanic.GameMechanicImplTest" tests="3" failures="0" timestamp="10 Apr 2014 14:11:50 GMT" time="0.072" errors="0">
  <testcase name="testCreateGames" time="0.004" classname="gameMechanic.GameMechanicImplTest"/>
  <testcase name="testCheckStrokeLose" time="0.029" classname="gameMechanic.GameMechanicImplTest"/>
  <testcase name="testCheckStroke" time="0.039" classname="gameMechanic.GameMechanicImplTest"/>
</testsuite> <!-- gameMechanic.GameMechanicImplTest -->
