<?xml version="1.0" encoding="UTF-8"?>
<!-- Generated by org.testng.reporters.JUnitReportReporter -->
<testsuite hostname="vanik" name="dbService.TestDBServiceImpl" tests="6" failures="0" timestamp="11 Apr 2014 12:56:55 GMT" time="0.502" errors="0">
  <testcase name="testAddUDS" time="0.000" classname="dbService.TestDBServiceImpl"/>
  <testcase name="testDeleteNoneExistsUDS" time="0.000" classname="dbService.TestDBServiceImpl"/>
  <testcase name="testGetNoneExistUDS" time="0.000" classname="dbService.TestDBServiceImpl"/>
  <testcase name="testUpdateUDS" time="0.001" classname="dbService.TestDBServiceImpl"/>
  <testcase name="testAddExistsUDS" time="0.000" classname="dbService.TestDBServiceImpl"/>
  <testcase name="testRun" time="0.501" classname="dbService.TestDBServiceImpl"/>
</testsuite> <!-- dbService.TestDBServiceImpl -->
