<?xml version="1.0" encoding="UTF-8"?>
<!-- Generated by org.testng.reporters.JUnitReportReporter -->
<testsuite hostname="Alexandr-PC" name="gameClasses.StrokeTest" tests="1" failures="0" timestamp="10 Apr 2014 14:11:50 GMT" time="0.000" errors="0">
  <testcase name="testInstance" time="0.000" classname="gameClasses.StrokeTest"/>
</testsuite> <!-- gameClasses.StrokeTest -->
