<?xml version="1.0" encoding="UTF-8"?>
<!-- Generated by org.testng.reporters.JUnitReportReporter -->
<testsuite hostname="Alexandr-PC" name="userDataImpl.TestUserDataImpl" tests="19" failures="0" timestamp="10 Apr 2014 14:11:50 GMT" time="1.032" errors="0">
  <testcase name="testKeepAliveWSIsNull" time="0.001" classname="userDataImpl.TestUserDataImpl"/>
  <testcase name="testPartyEndSecondIsNull" time="0.003" classname="userDataImpl.TestUserDataImpl"/>
  <testcase name="testGetSessionIdByUserId" time="0.000" classname="userDataImpl.TestUserDataImpl"/>
  <testcase name="testCheckUsersKeepAliveEqualsOne" time="0.005" classname="userDataImpl.TestUserDataImpl"/>
  <testcase name="testCheckServerTime" time="0.000" classname="userDataImpl.TestUserDataImpl"/>
  <testcase name="testCreateGames" time="0.502" classname="userDataImpl.TestUserDataImpl"/>
  <testcase name="testUpdateUserIdOldUserIsNull" time="0.001" classname="userDataImpl.TestUserDataImpl"/>
  <testcase name="testPutSessionIdAndChatWS" time="0.001" classname="userDataImpl.TestUserDataImpl"/>
  <testcase name="testPartyEndAllIsNull" time="0.001" classname="userDataImpl.TestUserDataImpl"/>
  <testcase name="testPartyEnd" time="0.003" classname="userDataImpl.TestUserDataImpl"/>
  <testcase name="testUpUpdateUserIdNewUserIsNull" time="0.000" classname="userDataImpl.TestUserDataImpl"/>
  <testcase name="testGetLogInUserBySessionId" time="0.001" classname="userDataImpl.TestUserDataImpl"/>
  <testcase name="testCreateGamesNoUsersWantToPlay" time="0.503" classname="userDataImpl.TestUserDataImpl"/>
  <testcase name="testPartyEndFirstIsNull" time="0.002" classname="userDataImpl.TestUserDataImpl"/>
  <testcase name="testCheckUsers" time="0.002" classname="userDataImpl.TestUserDataImpl"/>
  <testcase name="test" time="0.001" classname="userDataImpl.TestUserDataImpl"/>
  <testcase name="testGetChatWSBySessionId" time="0.002" classname="userDataImpl.TestUserDataImpl"/>
  <testcase name="testGetWSBySessionId" time="0.002" classname="userDataImpl.TestUserDataImpl"/>
  <testcase name="testUpdateUserId" time="0.002" classname="userDataImpl.TestUserDataImpl"/>
</testsuite> <!-- userDataImpl.TestUserDataImpl -->
