<?xml version="1.0" encoding="UTF-8"?>
<!-- Generated by org.testng.reporters.JUnitReportReporter -->
<testsuite hostname="Alexandr-PC" name="gameMechanic.GameSessionTest" tests="7" failures="0" timestamp="10 Apr 2014 14:11:50 GMT" time="0.060" errors="0">
  <testcase name="testGetFields" time="0.005" classname="gameMechanic.GameSessionTest"/>
  <testcase name="testGetNext" time="0.001" classname="gameMechanic.GameSessionTest"/>
  <testcase name="testGetSnapshot" time="0.001" classname="gameMechanic.GameSessionTest"/>
  <testcase name="testCheckStroke" time="0.023" classname="gameMechanic.GameSessionTest"/>
  <testcase name="testGetWinnerId" time="0.001" classname="gameMechanic.GameSessionTest"/>
  <testcase name="testSaveAILog" time="0.002" classname="gameMechanic.GameSessionTest"/>
  <testcase name="testSaveLog" time="0.027" classname="gameMechanic.GameSessionTest"/>
</testsuite> <!-- gameMechanic.GameSessionTest -->
