<?xml version="1.0" encoding="UTF-8"?>
<!-- Generated by org.testng.reporters.JUnitReportReporter -->
<testsuite hostname="vanik" name="utils.VFSTest" tests="8" failures="0" timestamp="14 Apr 2014 14:00:35 GMT" time="0.023" errors="0">
  <testcase name="testWriteToFile" time="0.002" classname="utils.VFSTest"/>
  <testcase name="testBfs" time="0.000" classname="utils.VFSTest"/>
  <testcase name="testIsFile" time="0.000" classname="utils.VFSTest"/>
  <testcase name="testGetAbsolutePath" time="0.000" classname="utils.VFSTest"/>
  <testcase name="testGetRelativePath" time="0.001" classname="utils.VFSTest"/>
  <testcase name="testReadFile" time="0.019" classname="utils.VFSTest"/>
  <testcase name="testWriteToEndOfFile" time="0.001" classname="utils.VFSTest"/>
  <testcase name="testIsExist" time="0.000" classname="utils.VFSTest"/>
</testsuite> <!-- utils.VFSTest -->
