<?xml version="1.0" encoding="UTF-8"?>
<!-- Generated by org.testng.reporters.JUnitReportReporter -->
<testsuite hostname="vanik" name="gameMechanic.GameSessionTest" tests="7" failures="0" timestamp="11 Apr 2014 12:56:55 GMT" time="0.030" errors="0">
  <testcase name="testGetSnapshot" time="0.001" classname="gameMechanic.GameSessionTest"/>
  <testcase name="testGetFields" time="0.004" classname="gameMechanic.GameSessionTest"/>
  <testcase name="testGetWinnerId" time="0.000" classname="gameMechanic.GameSessionTest"/>
  <testcase name="testSaveLog" time="0.002" classname="gameMechanic.GameSessionTest"/>
  <testcase name="testGetNext" time="0.001" classname="gameMechanic.GameSessionTest"/>
  <testcase name="testSaveAILog" time="0.001" classname="gameMechanic.GameSessionTest"/>
  <testcase name="testCheckStroke" time="0.021" classname="gameMechanic.GameSessionTest"/>
</testsuite> <!-- gameMechanic.GameSessionTest -->
