<?xml version="1.0" encoding="UTF-8"?>
<!-- Generated by org.testng.reporters.JUnitReportReporter -->
<testsuite hostname="ubuntu" name="frontend.newOrLoginUser.MsgAddUserTest" tests="1" failures="0" timestamp="11 Apr 2014 17:37:51 GMT" time="0.360" errors="0">
  <testcase name="testExec" time="0.360" classname="frontend.newOrLoginUser.MsgAddUserTest"/>
</testsuite> <!-- frontend.newOrLoginUser.MsgAddUserTest -->
