<?xml version="1.0" encoding="UTF-8"?>
<!-- Generated by org.testng.reporters.JUnitReportReporter -->
<testsuite hostname="vanik" name="frontend.newOrLoginUser.MsgAddUserTest" tests="1" failures="0" timestamp="14 Apr 2014 14:00:35 GMT" time="0.310" errors="0">
  <testcase name="testExec" time="0.310" classname="frontend.newOrLoginUser.MsgAddUserTest"/>
</testsuite> <!-- frontend.newOrLoginUser.MsgAddUserTest -->
