<?xml version="1.0" encoding="UTF-8"?>
<!-- Generated by org.testng.reporters.JUnitReportReporter -->
<testsuite hostname="Alexandr-PC" name="dbService.TestTExecutor" tests="1" failures="0" timestamp="9 Apr 2014 20:27:01 GMT" time="0.006" errors="0">
  <testcase name="testFindUser" time="0.006" classname="dbService.TestTExecutor"/>
</testsuite> <!-- dbService.TestTExecutor -->
