<?xml version="1.0" encoding="UTF-8"?>
<!-- Generated by org.testng.reporters.JUnitReportReporter -->
<testsuite hostname="Alexandr-PC" name="utils.ReflectionHelperTest" tests="2" failures="0" timestamp="10 Apr 2014 14:11:50 GMT" time="0.012" errors="0">
  <testcase name="testCreateInstance" time="0.012" classname="utils.ReflectionHelperTest"/>
  <testcase name="testSetFieldValue" time="0.000" classname="utils.ReflectionHelperTest"/>
</testsuite> <!-- utils.ReflectionHelperTest -->
