<?xml version="1.0" encoding="UTF-8"?>
<!-- Generated by org.testng.reporters.JUnitReportReporter -->
<testsuite hostname="Alexandr-PC" name="frontend.handler.TestRegUserTarget404" tests="1" failures="0" timestamp="9 Apr 2014 20:27:01 GMT" time="0.008" errors="0">
  <testcase name="testHandleNewUserTarget404" time="0.008" classname="frontend.handler.TestRegUserTarget404"/>
</testsuite> <!-- frontend.handler.TestRegUserTarget404 -->
