<?xml version="1.0" encoding="UTF-8"?>
<!-- Generated by org.testng.reporters.JUnitReportReporter -->
<testsuite hostname="Alexandr-PC" name="gameMechanic.GameSessionTest" tests="7" failures="0" timestamp="9 Apr 2014 20:27:01 GMT" time="0.095" errors="0">
  <testcase name="testGetNext" time="0.001" classname="gameMechanic.GameSessionTest"/>
  <testcase name="testGetSnapshot" time="0.004" classname="gameMechanic.GameSessionTest"/>
  <testcase name="testSaveAILog" time="0.002" classname="gameMechanic.GameSessionTest"/>
  <testcase name="testGetFields" time="0.005" classname="gameMechanic.GameSessionTest"/>
  <testcase name="testGetWinnerId" time="0.001" classname="gameMechanic.GameSessionTest"/>
  <testcase name="testCheckStroke" time="0.067" classname="gameMechanic.GameSessionTest"/>
  <testcase name="testSaveLog" time="0.015" classname="gameMechanic.GameSessionTest"/>
</testsuite> <!-- gameMechanic.GameSessionTest -->
