<?xml version="1.0" encoding="UTF-8"?>
<!-- Generated by org.testng.reporters.JUnitReportReporter -->
<testsuite hostname="Alexandr-PC" name="chat.TestGameChatImpl" tests="3" failures="0" timestamp="9 Apr 2014 20:27:01 GMT" time="0.506" errors="0">
  <testcase name="testGetAddress" time="0.001" classname="chat.TestGameChatImpl"/>
  <testcase name="testRun" time="0.504" classname="chat.TestGameChatImpl"/>
  <testcase name="testGetMessageSystem" time="0.001" classname="chat.TestGameChatImpl"/>
</testsuite> <!-- chat.TestGameChatImpl -->
