<?xml version="1.0" encoding="UTF-8"?>
<!-- Generated by org.testng.reporters.JUnitReportReporter -->
<testsuite hostname="Alexandr-PC" name="resource.ResourceFactoryTest" tests="2" failures="0" timestamp="10 Apr 2014 14:11:50 GMT" time="0.007" errors="0">
  <testcase name="testRating" time="0.001" classname="resource.ResourceFactoryTest"/>
  <testcase name="testGetResource" time="0.006" classname="resource.ResourceFactoryTest"/>
</testsuite> <!-- resource.ResourceFactoryTest -->
