<?xml version="1.0" encoding="UTF-8"?>
<!-- Generated by org.testng.reporters.JUnitReportReporter -->
<testsuite hostname="Alexandr-PC" name="utils.SysInfoTest" tests="3" failures="0" timestamp="9 Apr 2014 20:27:01 GMT" time="0.057" errors="0">
  <testcase name="testRunAfterCall" time="0.000" classname="utils.SysInfoTest"/>
  <testcase name="testGetStat" time="0.002" classname="utils.SysInfoTest"/>
  <testcase name="testRunCall" time="0.055" classname="utils.SysInfoTest"/>
</testsuite> <!-- utils.SysInfoTest -->
